cc;2018/05/01;3531331821537868;2018/12/01;1000;50;Alibaba Supermarket
cc;2018/05/02;3543417412387467111;2018/12/02;1000;120;Amazon purchase
cc;2018/05/03;5552468190471987;2018/12/03;500;400;Carrefour Travel
cc;2018/05/05;6011898652586869;2018/12/05;1000;12;Valenti cafeteria

mc;2018/05/06;6011170166891283388;50;20;Valid, wrong type
mc;2018/05/07;30236299989594;45;30;Valid, wrong type
mc;2018/05/08;30562647088387;30;30;Valid, wrong type

acc;2018/05/08;ES0310250124910021214445;N;150;Valid
acc;2018/05/08;ES0712452342121241551584;N;1000;Valid not greater than 1000
acc;2018/05/09;ES4858744754374527212575;P;50;Valid
acc;2018/05/10;ES7698842154904542454587;P;7000;Valid, is of type P

cc;2018/05/04;6211656344359248;2018/12/04;500;850;Invalid: amount > max amount, and lhun invalid
cc;2018/05/04;6011656344359248;2018/12/04;500;850;Invalid: amount > max amount
cc;2018/05/15;6759093801340253;2018/04/09;1000;45;Invalid: outdated
cc;2018/05/15;30525903548770;2018/12/03;1000;80;Invalid: Wrong card number, lhun invalid

acc;2018/05/08;ES6524155245212844135465;N;50;Invalid: Wrong card number, IBAN invalid
acc;2018/05/08;ES6215454234192342342334;N;1001;Invalid: greater than max for the type of client