cc;2018/05/01;3531331821537868;2018/12/01;50.0;1000.0;Alibaba Supermarket
cc;2018/05/02;3543417412387467111;2018/12/02;120.0;1000.0;Amazon purchase
cc;2018/05/03;5552468190471987;2018/12/03;400.0;500.0;Carrefour Travel
cc;2018/05/04;6211656344359248;2018/12/04;850.0;500.0;Invalid: amount > max amount, and lhun invalid
cc;2018/05/05;6011898652586869;2018/12/05;12.0;1000.0;Valenti cafeteria
acc;2018/05/08;ES6524155245212844135465;Normal;50.0;Invalid: Wrong card number, IBAN invalid
acc;2018/05/08;ES6215454234192342342334;Normal;1001.0;Invalid: greater than max for the type of client
cc;2018/05/15;6759093801340253;2018/04/09;45.0;1000.0;Invalid: outdated
cc;2018/05/15;30525903548770;2018/12/03;80.0;1000.0;Invalid: Wrong card number, lhun invalid
