cc;2018/05/01;3531331821537868;2018/12/01;1000;50;Alibaba Supermarket
cc;2018/05/02;3543417412387467111;2018/12/02;1000;120;Amazon purchase
cc;2018/05/03;5552468190471987;2018/12/03;500;400;Carrefour Travel
cc;2018/05/03;5552468190471987;2018/12/03;500;325;Repeated trx <---
cc;2018/05/05;6011898652586869;2018/12/05;1000;12;Valenti cafeteria

mc;2018/05/06;6011170166891283388;50;20;Valid, wrong type
mc;2018/05/07;30236299989594;45;30;Valid, wrong type
mc;2018/05/08;30562647088387;30;30;Valid, wrong type

acc;2018/05/08;ES0310250124910021214445;N;150;Valid
acc;2018/05/08;ES0310250124910021214445;N;150;Repated trx <---
acc;2018/05/08;ES0712452342121241551584;N;1000;Valid not greater than 1000
