cc;2018/05/01;3531331821537868;2018/12/01;1000;50;Alibaba Supermarket
cc;2018/05/03;5552468190471987;;500;400;Carrefour Travel
cc;2018/05/05;6011898652586869;2018/12/05;10ds00;12;Valenti cafeteria

mc;2018/05/06;6011170166891283388;50;20;Valid
mc;2018/05/07;30236299989594;4a5;30;Valid
mc;2018/05/08;30562647088387;30;Valid

acc;2018/05/08;ES0310250124910021214445;N;150;Valid
acc;2018/05/08;ES0712452342121241551584;N;1a000;Valid not greater than 1000
acc;2018/05/09;ES4858744754374527212575;Valid
