cc;2021/05/01;3531331821537868;2018/12/01;1000;50;formato correcto

cc;2021/05/05;6011898652586869;2018/12/05;10ds00;12;formato numero incorrecto

mc;2018/05/06;6011170166891283388;50;20;tipo desconocido

acc;2021/05/08;ES0310250124910021214445;N;numero campos incorrecto

