cc;2021/05/01;3531331821537868;2021/12/01;1000;50;Alibaba Supermarket
cc;2021/05/02;3543417412387467111;2021/12/02;1000;120;Amazon purchase
cc;2021/05/03;5552468190471987;2021/12/03;500;400;Carrefour Travel
cc;2021/05/05;6011898652586869;2021/12/05;1000;12;Valenti cafeteria

cc;2021/05/04;6211656344359248;2021/12/04;800;350;Invalid: amount > max, lhun invalid
cc;2021/06/04;6011656344359248;2021/12/04;500;850;Invalid: amount > max amount
cc;2021/05/15;6759093801340253;2021/04/09;1000;45;Invalid: outdated
cc;2021/06/15;30525903548770;2021/12/03;1000;80;Invalid: Wrong card number, lhun invalid

acc;2021/06/09;ES6524155245212844135465;N;50;Invalid: Wrong card number, IBAN invalid
acc;2021/07/09;ES6215454234192342342334;N;1001;Invalid: greater than max for the type of client