cc;2021/05/01;3531331821537868;2021/12/01;1000;50;Alibaba Supermarket
cc;2021/05/02;3543417412387467111;2021/12/02;1000;120;Amazon purchase
cc;2021/05/03;5552468190471987;2021/12/03;500;400;Carrefour Travel
cc;2021/05/03;5552468190471987;2021/12/03;500;325;Repeated payment <---
cc;2021/05/05;6011898652586869;2021/12/05;1000;12;Valenti cafeteria


acc;2021/05/08;ES0310250124910021214445;N;150;Valid
acc;2021/05/08;ES0310250124910021214445;N;150;Repated payment <---
acc;2021/05/08;ES0712452342121241551584;N;1000;Valid not greater than 1000
